build/app/intermediates/manifest_merge_blame_file/release/manifest-merger-blame-release-report.txt
1<?xml version="1.0" encoding="utf-8"?>
2<manifest xmlns:android="http://schemas.android.com/apk/res/android"
3    package="com.example.flutter_social_ui"
4    android:versionCode="1"
5    android:versionName="1.0.0" >
6
7    <uses-sdk
8        android:minSdkVersion="16"
8-->src/main/AndroidManifest.xml
9        android:targetSdkVersion="29" />
9-->src/main/AndroidManifest.xml
10
11    <uses-permission android:name="android.permission.INTERNET" />
11-->src/main/AndroidManifest.xml:3:5-66
11-->src/main/AndroidManifest.xml:3:22-64
12    <!--
13     io.flutter.app.FlutterApplication is an android.app.Application that
14         calls FlutterMain.startInitialization(this); in its onCreate method.
15         In most cases you can leave this as-is, but you if you want to provide
16         additional functionality it is fine to subclass or reimplement
17         FlutterApplication and put your custom class here.
18    -->
19    <application
19-->src/main/AndroidManifest.xml:9:5-51:19
20        android:name="io.flutter.app.FlutterApplication"
20-->src/main/AndroidManifest.xml:12:9-57
21        android:appComponentFactory="androidx.core.app.CoreComponentFactory"
21-->[androidx.core:core:1.1.0] AndroidManifest.xml:24:18-86
22        android:icon="@mipmap/ic_launcher"
22-->src/main/AndroidManifest.xml:14:9-43
23        android:label="Aplikasi Togel Lengkap"
23-->src/main/AndroidManifest.xml:13:9-47
24        android:usesCleartextTraffic="true" >
24-->src/main/AndroidManifest.xml:10:9-44
25        <meta-data
25-->src/main/AndroidManifest.xml:15:9-16:58
26            android:name="io.flutter.network-policy"
26-->src/main/AndroidManifest.xml:15:20-60
27            android:resource="@xml/network_security_config" />
27-->src/main/AndroidManifest.xml:16:9-56
28
29        <activity
29-->src/main/AndroidManifest.xml:17:9-45:20
30            android:name="com.example.flutter_social_ui.MainActivity"
30-->src/main/AndroidManifest.xml:18:13-41
31            android:configChanges="orientation|keyboardHidden|keyboard|screenSize|smallestScreenSize|locale|layoutDirection|fontScale|screenLayout|density|uiMode"
31-->src/main/AndroidManifest.xml:21:13-163
32            android:hardwareAccelerated="true"
32-->src/main/AndroidManifest.xml:22:13-47
33            android:launchMode="singleTop"
33-->src/main/AndroidManifest.xml:19:13-43
34            android:theme="@style/LaunchTheme"
34-->src/main/AndroidManifest.xml:20:13-47
35            android:windowSoftInputMode="adjustResize" >
35-->src/main/AndroidManifest.xml:23:13-55
36
37            <!--
38                 Specifies an Android theme to apply to this Activity as soon as
39                 the Android process has started. This theme is visible to the user
40                 while the Flutter UI initializes. After that, this theme continues
41                 to determine the Window background behind the Flutter UI.
42            -->
43            <meta-data
43-->src/main/AndroidManifest.xml:28:13-31:17
44                android:name="io.flutter.embedding.android.NormalTheme"
44-->src/main/AndroidManifest.xml:29:15-70
45                android:resource="@style/NormalTheme" />
45-->src/main/AndroidManifest.xml:30:15-52
46            <!--
47                 Displays an Android View that continues showing the launch screen
48                 Drawable until Flutter paints its first frame, then this splash
49                 screen fades out. A splash screen is useful to avoid any visual
50                 gap between the end of Android's launch screen and the painting of
51                 Flutter's first frame.
52            -->
53            <meta-data
53-->src/main/AndroidManifest.xml:37:13-40:17
54                android:name="io.flutter.embedding.android.SplashScreenDrawable"
54-->src/main/AndroidManifest.xml:38:15-79
55                android:resource="@drawable/launch_background" />
55-->src/main/AndroidManifest.xml:39:15-61
56
57            <intent-filter>
57-->src/main/AndroidManifest.xml:41:13-44:29
58                <action android:name="android.intent.action.MAIN" />
58-->src/main/AndroidManifest.xml:42:17-68
58-->src/main/AndroidManifest.xml:42:25-66
59
60                <category android:name="android.intent.category.LAUNCHER" />
60-->src/main/AndroidManifest.xml:43:17-76
60-->src/main/AndroidManifest.xml:43:27-74
61            </intent-filter>
62        </activity>
63        <!--
64             Don't delete the meta-data below.
65             This is used by the Flutter tool to generate GeneratedPluginRegistrant.java
66        -->
67        <meta-data
67-->src/main/AndroidManifest.xml:48:9-50:33
68            android:name="flutterEmbedding"
68-->src/main/AndroidManifest.xml:49:13-44
69            android:value="2" />
69-->src/main/AndroidManifest.xml:50:13-30
70
71        <activity
71-->[:url_launcher] AndroidManifest.xml:8:9-11:74
72            android:name="io.flutter.plugins.urllauncher.WebViewActivity"
72-->[:url_launcher] AndroidManifest.xml:9:13-74
73            android:exported="false"
73-->[:url_launcher] AndroidManifest.xml:10:13-37
74            android:theme="@android:style/Theme.NoTitleBar.Fullscreen" />
74-->[:url_launcher] AndroidManifest.xml:11:13-71
75    </application>
76
77</manifest>